c:\users\yannick\desktop\startproject_directx\source\tempfiles\debug\directx.pch
c:\users\yannick\desktop\startproject_directx\source\tempfiles\debug\vc142.pdb
c:\users\yannick\desktop\startproject_directx\source\tempfiles\debug\vc142.idb
c:\users\yannick\desktop\startproject_directx\source\tempfiles\debug\pch.obj
c:\users\yannick\desktop\startproject_directx\source\tempfiles\debug\mesh.obj
c:\users\yannick\desktop\startproject_directx\source\tempfiles\debug\main.obj
c:\users\yannick\desktop\startproject_directx\source\tempfiles\debug\etimer.obj
c:\users\yannick\desktop\startproject_directx\source\tempfiles\debug\erenderer.obj
c:\users\yannick\desktop\startproject_directx\source\tempfiles\debug\effect.obj
c:\users\yannick\desktop\startproject_directx\source\tempfiles\debug\ecamera.obj
c:\users\yannick\desktop\startproject_directx\bin\debug\directx.exe
c:\users\yannick\desktop\startproject_directx\source\tempfiles\debug\directx.ilk
c:\users\yannick\desktop\startproject_directx\bin\debug\directx.pdb
c:\users\yannick\desktop\startproject_directx\source\..\bin\debug\directx.pdb
c:\users\yannick\desktop\startproject_directx\source\tempfiles\debug\directx.tlog\cl.command.1.tlog
c:\users\yannick\desktop\startproject_directx\source\tempfiles\debug\directx.tlog\cl.read.1.tlog
c:\users\yannick\desktop\startproject_directx\source\tempfiles\debug\directx.tlog\cl.write.1.tlog
c:\users\yannick\desktop\startproject_directx\source\tempfiles\debug\directx.tlog\link.command.1.tlog
c:\users\yannick\desktop\startproject_directx\source\tempfiles\debug\directx.tlog\link.read.1.tlog
c:\users\yannick\desktop\startproject_directx\source\tempfiles\debug\directx.tlog\link.write.1.tlog
