  ERenderer.cpp
  Generating code
  1 of 1190 functions (<0.1%) were compiled, the rest were copied from previous compilation.
    0 functions were new in current compilation
    2 functions had inline decision re-evaluated but remain unchanged
  Finished generating code
dx11effects.lib(EffectAPI.obj) : warning LNK4099: PDB 'dx11effects.pdb' was not found with 'dx11effects.lib(EffectAPI.obj)' or at 'C:\Users\Yannick\Downloads\Yannick_Godeau_DualRasterizer_2DAE07\Yannick_Godeau_DualRasterizer_2DAE07\bin\Release\dx11effects.pdb'; linking object as if no debug info
dx11effects.lib(EffectNonRuntime.obj) : warning LNK4099: PDB 'dx11effects.pdb' was not found with 'dx11effects.lib(EffectNonRuntime.obj)' or at 'C:\Users\Yannick\Downloads\Yannick_Godeau_DualRasterizer_2DAE07\Yannick_Godeau_DualRasterizer_2DAE07\bin\Release\dx11effects.pdb'; linking object as if no debug info
dx11effects.lib(EffectLoad.obj) : warning LNK4099: PDB 'dx11effects.pdb' was not found with 'dx11effects.lib(EffectLoad.obj)' or at 'C:\Users\Yannick\Downloads\Yannick_Godeau_DualRasterizer_2DAE07\Yannick_Godeau_DualRasterizer_2DAE07\bin\Release\dx11effects.pdb'; linking object as if no debug info
dx11effects.lib(d3dxGlobal.obj) : warning LNK4099: PDB 'dx11effects.pdb' was not found with 'dx11effects.lib(d3dxGlobal.obj)' or at 'C:\Users\Yannick\Downloads\Yannick_Godeau_DualRasterizer_2DAE07\Yannick_Godeau_DualRasterizer_2DAE07\bin\Release\dx11effects.pdb'; linking object as if no debug info
dx11effects.lib(EffectReflection.obj) : warning LNK4099: PDB 'dx11effects.pdb' was not found with 'dx11effects.lib(EffectReflection.obj)' or at 'C:\Users\Yannick\Downloads\Yannick_Godeau_DualRasterizer_2DAE07\Yannick_Godeau_DualRasterizer_2DAE07\bin\Release\dx11effects.pdb'; linking object as if no debug info
dx11effects.lib(EffectRuntime.obj) : warning LNK4099: PDB 'dx11effects.pdb' was not found with 'dx11effects.lib(EffectRuntime.obj)' or at 'C:\Users\Yannick\Downloads\Yannick_Godeau_DualRasterizer_2DAE07\Yannick_Godeau_DualRasterizer_2DAE07\bin\Release\dx11effects.pdb'; linking object as if no debug info
  directx.vcxproj -> C:\Users\Yannick\Downloads\Yannick_Godeau_DualRasterizer_2DAE07\Yannick_Godeau_DualRasterizer_2DAE07\bin\Release\directx.exe
  0 File(s) copied
  0 File(s) copied
  0 File(s) copied
  0 File(s) copied
  0 File(s) copied
  0 File(s) copied
  0 File(s) copied
