c:\users\yanni\desktop\startproject_directx\source\tempfiles\release\directx.pch
c:\users\yanni\desktop\startproject_directx\source\tempfiles\release\vc142.pdb
c:\users\yanni\desktop\startproject_directx\source\tempfiles\release\pch.obj
c:\users\yanni\desktop\startproject_directx\source\tempfiles\release\texture.obj
c:\users\yanni\desktop\startproject_directx\source\tempfiles\release\scenegraph.obj
c:\users\yanni\desktop\startproject_directx\source\tempfiles\release\obj.obj
c:\users\yanni\desktop\startproject_directx\source\tempfiles\release\mesh.obj
c:\users\yanni\desktop\startproject_directx\source\tempfiles\release\main.obj
c:\users\yanni\desktop\startproject_directx\source\tempfiles\release\etimer.obj
c:\users\yanni\desktop\startproject_directx\source\tempfiles\release\erenderer.obj
c:\users\yanni\desktop\startproject_directx\source\tempfiles\release\effect.obj
c:\users\yanni\desktop\startproject_directx\source\tempfiles\release\ecamera.obj
c:\users\yanni\desktop\startproject_directx\source\tempfiles\release\materialeffect.obj
c:\users\yanni\desktop\startproject_directx\source\tempfiles\release\flateffect.obj
c:\users\yanni\desktop\startproject_directx\source\tempfiles\release\baseeffect.obj
c:\users\yanni\desktop\startproject_directx\source\tempfiles\release\triangle.obj
c:\users\yanni\desktop\startproject_directx\source\tempfiles\release\effectmanager.obj
c:\users\yanni\desktop\startproject_directx\bin\release\directx.exe
c:\users\yanni\desktop\startproject_directx\source\tempfiles\release\directx.ipdb
c:\users\yanni\desktop\startproject_directx\source\tempfiles\release\directx.iobj
c:\users\yanni\desktop\startproject_directx\bin\release\directx.pdb
c:\users\yanni\desktop\startproject_directx\source\..\bin\release\directx.pdb
c:\users\yanni\desktop\startproject_directx\source\tempfiles\release\directx.tlog\cl.command.1.tlog
c:\users\yanni\desktop\startproject_directx\source\tempfiles\release\directx.tlog\cl.read.1.tlog
c:\users\yanni\desktop\startproject_directx\source\tempfiles\release\directx.tlog\cl.write.1.tlog
c:\users\yanni\desktop\startproject_directx\source\tempfiles\release\directx.tlog\link.command.1.tlog
c:\users\yanni\desktop\startproject_directx\source\tempfiles\release\directx.tlog\link.read.1.tlog
c:\users\yanni\desktop\startproject_directx\source\tempfiles\release\directx.tlog\link.write.1.tlog
